1754257275501	geckodriver	INFO	Listening on 127.0.0.1:54507
1754257278574	mozrunner::runner	INFO	Running command: "C:\\Program Files\\Mozilla Firefox\\firefox.exe" "--marionette" "--no-sandbox" "--disable-dev-shm-usage" "- ... 8" "--remote-allow-hosts" "localhost" "-no-remote" "-profile" "C:\\Users\\andil\\AppData\\Local\\Temp\\rust_mozprofileTb30CY"
*** You are running in headless mode.
1754257282936	geckodriver	INFO	Listening on 127.0.0.1:54724
1754257285963	mozrunner::runner	INFO	Running command: "C:\\Program Files\\Mozilla Firefox\\firefox.exe" "--marionette" "--no-sandbox" "--disable-dev-shm-usage" "- ... 5" "--remote-allow-hosts" "localhost" "-no-remote" "-profile" "C:\\Users\\andil\\AppData\\Local\\Temp\\rust_mozprofilelZe6aj"
*** You are running in headless mode.
console.warn: services.settings: Ignoring preference override of remote settings server
console.warn: services.settings: Allow by setting MOZ_REMOTE_SETTINGS_DEVTOOLS=1 in the environment
Dynamically enable window occlusion 0
1754257286399	Marionette	INFO	Marionette enabled
console.error: "Warning: unrecognized command line flag" "-no-sandbox"
console.error: "Warning: unrecognized command line flag" "-ignore-certificate-errors"
console.error: "Warning: unrecognized command line flag" "-log-level"
console.error: "Warning: unrecognized command line flag" "-disable-notifications"
console.error: "Warning: unrecognized command line flag" "-user-agent"
1754257286511	Marionette	INFO	Listening on port 54793
WebDriver BiDi listening on ws://127.0.0.1:54725
Read port: 54793
1754257286725	RemoteAgent	WARN	TLS certificate errors will be ignored for this session
[GFX1-]: RenderCompositorSWGL failed mapping default framebuffer, no dt
console.error: CustomizableUI: 
  Could not localize property 'fxms-bmb-button.tooltiptext'.
console.error: [Exception... "Component returned failure code: 0x80070057 (NS_ERROR_ILLEGAL_VALUE) [nsIWinTaskbar.getTaskbarProgress]"  nsresult: "0x80070057 (NS_ERROR_ILLEGAL_VALUE)"  location: "JS frame :: resource:///modules/DownloadsTaskbar.sys.mjs :: _attachIndicator :: line 127"  data: no]
JavaScript error: resource://gre/modules/shared/FormAutofillHandler.sys.mjs, line 868: TypeError: can't access property "trim", element.value is undefined
console.warn: LoginRecipes: "Falling back to a synchronous message for: https://x.com."
JavaScript error: https://abs.twimg.com/responsive-web/client-web/main.69d10e7a.js, line 1: Error: ApiError: https://x.com/i/api/graphql/kTpapPBq29WTffNLNjWutA/HomeTimeline HTTP-0 codes:[1004]
JavaScript error: https://abs.twimg.com/responsive-web/client-web/main.69d10e7a.js, line 1: Error: ApiError: https://api.x.com/1.1/account/settings.json HTTP-0 codes:[1004]
[GFX1-]: VideoBridgeParent receives IPC close with reason=AbnormalShutdown
[GFX1-]: VideoBridgeParent receives IPC close with reason=AbnormalShutdown
irefox.exe" "--marionette" "--no-sandbox" "--disable-dev-shm-usage" "- ... 7" "--remote-allow-hosts" "localhost" "-no-remote" "-profile" "C:\\Users\\andil\\AppData\\Local\\Temp\\rust_mozprofileBmqE6C"
*** You are running in headless mode.
console.warn: services.settings: Ignoring preference override of remote settings server
console.warn: services.settings: Allow by setting MOZ_REMOTE_SETTINGS_DEVTOOLS=1 in the environment
Dynamically enable window occlusion 0
1754260188093	Marionette	INFO	Marionette enabled
console.error: "Warning: unrecognized command line flag" "-no-sandbox"
console.error: "Warning: unrecognized command line flag" "-ignore-certificate-errors"
console.error: "Warning: unrecognized command line flag" "-log-level"
console.error: "Warning: unrecognized command line flag" "-disable-notifications"
console.error: "Warning: unrecognized command line flag" "-user-agent"
1754260188175	Marionette	INFO	Listening on port 61152
WebDriver BiDi listening on ws://127.0.0.1:61077
Read port: 61152
1754260188277	RemoteAgent	WARN	TLS certificate errors will be ignored for this session
[GFX1-]: RenderCompositorSWGL failed mapping default framebuffer, no dt
console.error: CustomizableUI: 
  Could not localize property 'fxms-bmb-button.tooltiptext'.
console.error: [Exception... "Component returned failure code: 0x80070057 (NS_ERROR_ILLEGAL_VALUE) [nsIWinTaskbar.getTaskbarProgress]"  nsresult: "0x80070057 (NS_ERROR_ILLEGAL_VALUE)"  location: "JS frame :: resource:///modules/DownloadsTaskbar.sys.mjs :: _attachIndicator :: line 127"  data: no]
JavaScript error: resource://gre/modules/shared/FormAutofillHandler.sys.mjs, line 868: TypeError: can't access property "trim", element.value is undefined
console.warn: LoginRecipes: "Falling back to a synchronous message for: https://x.com."
JavaScript error: https://abs.twimg.com/responsive-web/client-web/main.69d10e7a.js, line 1: Error: ApiError: https://x.com/i/api/graphql/kTpapPBq29WTffNLNjWutA/HomeTimeline HTTP-0 codes:[1004]
JavaScript error: https://abs.twimg.com/responsive-web/client-web/main.69d10e7a.js, line 1: Error: ApiError: https://x.com/i/api/graphql/PFIxTk8owMoZgiMccP0r4g/getAltTextPromptPreference HTTP-0 codes:[1004]
JavaScript error: https://abs.twimg.com/responsive-web/client-web/main.69d10e7a.js, line 1: Error: ApiError: https://x.com/i/api/2/badge_count/badge_count.json HTTP-0 codes:[1004]
[GFX1-]: VideoBridgeParent receives IPC close with reason=AbnormalShutdown
[GFX1-]: VideoBridgeParent receives IPC close with reason=AbnormalShutdown
A content process crashed and MOZ_CRASHREPORTER_SHUTDOWN is set, shutting down
1754261167483	geckodriver	INFO	Listening on 127.0.0.1:58730
1754261170555	mozrunner::runner	INFO	Running command: "C:\\Program Files\\Mozilla Firefox\\firefox.exe" "--marionette" "--no-sandbox" "--disable-dev-shm-usage" "- ... 1" "--remote-allow-hosts" "localhost" "-no-remote" "-profile" "C:\\Users\\andil\\AppData\\Local\\Temp\\rust_mozprofileUbZvBI"
*** You are running in headless mode.
console.warn: services.settings: Ignoring preference override of remote settings server
console.warn: services.settings: Allow by setting MOZ_REMOTE_SETTINGS_DEVTOOLS=1 in the environment
Dynamically enable window occlusion 0
1754261170945	Marionette	INFO	Marionette enabled
console.error: "Warning: unrecognized command line flag" "-no-sandbox"
console.error: "Warning: unrecognized command line flag" "-ignore-certificate-errors"
console.error: "Warning: unrecognized command line flag" "-log-level"
console.error: "Warning: unrecognized command line flag" "-disable-notifications"
console.error: "Warning: unrecognized command line flag" "-user-agent"
1754261171025	Marionette	INFO	Listening on port 58792
WebDriver BiDi listening on ws://127.0.0.1:58731
Read port: 58792
1754261171128	RemoteAgent	WARN	TLS certificate errors will be ignored for this session
[GFX1-]: RenderCompositorSWGL failed mapping default framebuffer, no dt
console.error: CustomizableUI: 
  Could not localize property 'fxms-bmb-button.tooltiptext'.
console.error: [Exception... "Component returned failure code: 0x80070057 (NS_ERROR_ILLEGAL_VALUE) [nsIWinTaskbar.getTaskbarProgress]"  nsresult: "0x80070057 (NS_ERROR_ILLEGAL_VALUE)"  location: "JS frame :: resource:///modules/DownloadsTaskbar.sys.mjs :: _attachIndicator :: line 127"  data: no]
JavaScript error: resource://gre/modules/shared/FormAutofillHandler.sys.mjs, line 868: TypeError: can't access property "trim", element.value is undefined
console.warn: LoginRecipes: "Falling back to a synchronous message for: https://x.com."
JavaScript error: https://abs.twimg.com/responsive-web/client-web/main.69d10e7a.js, line 1: Error: ApiError: https://x.com/i/api/graphql/kTpapPBq29WTffNLNjWutA/HomeTimeline HTTP-0 codes:[1004]
1754262796515	Marionette	INFO	Stopped listening on port 58792
Dynamically enable window occlusion 1
console.error: "Failed to fetch https://ads.mozilla.org/v1/delete_user:" "NetworkError when attempting to fetch resource."
console.warn: TopSitesFeed: Failed to fetch data from MARS server: NetworkError when attempting to fetch resource.
JavaScript error: resource://services-settings/RemoteSettingsClient.sys.mjs, line 101: Error: Unknown callback
[GFX1-]: VideoBridgeParent receives IPC close with reason=AbnormalShutdown
1754263791145	geckodriver	INFO	Listening on 127.0.0.1:61154
1754263794191	mozrunner::runner	INFO	Running command: "C:\\Program Files\\Mozilla Firefox\\firefox.exe" "--marionette" "--no-sandbox" "--disable-dev-shm-usage" "- ... 5" "--remote-allow-hosts" "localhost" "-no-remote" "-profile" "C:\\Users\\andil\\AppData\\Local\\Temp\\rust_mozprofileZjWZTJ"
*** You are running in headless mode.
console.warn: services.settings: Ignoring preference override of remote settings server
console.warn: services.settings: Allow by setting MOZ_REMOTE_SETTINGS_DEVTOOLS=1 in the environment
Dynamically enable window occlusion 0
1754263794551	Marionette	INFO	Marionette enabled
console.error: "Warning: unrecognized command line flag" "-no-sandbox"
console.error: "Warning: unrecognized command line flag" "-ignore-certificate-errors"
console.error: "Warning: unrecognized command line flag" "-log-level"
console.error: "Warning: unrecognized command line flag" "-disable-notifications"
console.error: "Warning: unrecognized command line flag" "-user-agent"
1754263794628	Marionette	INFO	Listening on port 61211
WebDriver BiDi listening on ws://127.0.0.1:61155
Read port: 61211
1754263794762	RemoteAgent	WARN	TLS certificate errors will be ignored for this session
[GFX1-]: RenderCompositorSWGL failed mapping default framebuffer, no dt
console.error: CustomizableUI: 
  Could not localize property 'fxms-bmb-button.tooltiptext'.
console.error: [Exception... "Component returned failure code: 0x80070057 (NS_ERROR_ILLEGAL_VALUE) [nsIWinTaskbar.getTaskbarProgress]"  nsresult: "0x80070057 (NS_ERROR_ILLEGAL_VALUE)"  location: "JS frame :: resource:///modules/DownloadsTaskbar.sys.mjs :: _attachIndicator :: line 127"  data: no]
JavaScript error: resource://gre/modules/shared/FormAutofillHandler.sys.mjs, line 868: TypeError: can't access property "trim", element.value is undefined
console.warn: LoginRecipes: "Falling back to a synchronous message for: https://x.com."
JavaScript error: https://abs.twimg.com/responsive-web/client-web/main.69d10e7a.js, line 1: Error: ApiError: https://x.com/i/api/graphql/PFIxTk8owMoZgiMccP0r4g/getAltTextPromptPreference HTTP-0 codes:[1004]
JavaScript error: https://abs.twimg.com/responsive-web/client-web/main.69d10e7a.js, line 1: Error: ApiError: https://x.com/i/api/graphql/kTpapPBq29WTffNLNjWutA/HomeTimeline HTTP-0 codes:[1004]
JavaScript error: https://abs.twimg.com/responsive-web/client-web/main.69d10e7a.js, line 1: Error: ApiError: https://x.com/i/api/2/badge_count/badge_count.json HTTP-0 codes:[1004]
1754263995036	Marionette	INFO	Stopped listening on port 61211
Dynamically enable window occlusion 1
console.error: "Failed to fetch https://ads.mozilla.org/v1/delete_user:" "NetworkError when attempting to fetch resource."
console.warn: TopSitesFeed: Failed to fetch data from MARS server: NetworkError when attempting to fetch resource.
JavaScript error: resource://services-settings/RemoteSettingsClient.sys.mjs, line 101: Error: Unknown callback
[GFX1-]: VideoBridgeParent receives IPC close with reason=AbnormalShutdown
1754264310823	geckodriver	INFO	Listening on 127.0.0.1:52430
1754264313899	mozrunner::runner	INFO	Running command: "C:\\Program Files\\Mozilla Firefox\\firefox.exe" "--marionette" "--no-sandbox" "--disable-dev-shm-usage" "- ... 1" "--remote-allow-hosts" "localhost" "-no-remote" "-profile" "C:\\Users\\andil\\AppData\\Local\\Temp\\rust_mozprofiledVjsB6"
*** You are running in headless mode.
console.warn: services.settings: Ignoring preference override of remote settings server
console.warn: services.settings: Allow by setting MOZ_REMOTE_SETTINGS_DEVTOOLS=1 in the environment
Dynamically enable window occlusion 0
1754264314186	Marionette	INFO	Marionette enabled
console.error: "Warning: unrecognized command line flag" "-no-sandbox"
console.error: "Warning: unrecognized command line flag" "-ignore-certificate-errors"
console.error: "Warning: unrecognized command line flag" "-log-level"
console.error: "Warning: unrecognized command line flag" "-disable-notifications"
console.error: "Warning: unrecognized command line flag" "-user-agent"
1754264314264	Marionette	INFO	Listening on port 52486
WebDriver BiDi listening on ws://127.0.0.1:52431
Read port: 52486
1754264314366	RemoteAgent	WARN	TLS certificate errors will be ignored for this session
[GFX1-]: RenderCompositorSWGL failed mapping default framebuffer, no dt
console.error: CustomizableUI: 
  Could not localize property 'fxms-bmb-button.tooltiptext'.
console.error: [Exception... "Component returned failure code: 0x80070057 (NS_ERROR_ILLEGAL_VALUE) [nsIWinTaskbar.getTaskbarProgress]"  nsresult: "0x80070057 (NS_ERROR_ILLEGAL_VALUE)"  location: "JS frame :: resource:///modules/DownloadsTaskbar.sys.mjs :: _attachIndicator :: line 127"  data: no]
JavaScript error: resource://gre/modules/shared/FormAutofillHandler.sys.mjs, line 868: TypeError: can't access property "trim", element.value is undefined
console.warn: LoginRecipes: "Falling back to a synchronous message for: https://x.com."
JavaScript error: https://abs.twimg.com/responsive-web/client-web/main.69d10e7a.js, line 1: Error: ApiError: https://x.com/i/api/graphql/kTpapPBq29WTffNLNjWutA/HomeTimeline HTTP-0 codes:[1004]
JavaScript error: https://abs.twimg.com/responsive-web/client-web/main.69d10e7a.js, line 1: Error: ApiError: https://x.com/i/api/2/badge_count/badge_count.json HTTP-0 codes:[1004]
JavaScript error: https://abs.twimg.com/responsive-web/client-web/main.69d10e7a.js, line 1: Error: ApiError: https://x.com/i/api/2/badge_count/badge_count.json HTTP-0 codes:[1004]
1754265143818	Marionette	INFO	Stopped listening on port 52486
Dynamically enable window occlusion 1
console.error: "Failed to fetch https://ads.mozilla.org/v1/delete_user:" "NetworkError when attempting to fetch resource."
console.warn: TopSitesFeed: Failed to fetch data from MARS server: NetworkError when attempting to fetch resource.
[GFX1-]: VideoBridgeParent receives IPC close with reason=AbnormalShutdoJavaScript error: resource://services-settings/RemoteSettingsClient.sys.mjs, line 101: Error: Unknown callback
wn
1754397917081	geckodriver	INFO	Listening on 127.0.0.1:58887
1754397920184	mozrunner::runner	INFO	Running command: "C:\\Program Files\\Mozilla Firefox\\firefox.exe" "--marionette" "--no-sandbox" "--disable-dev-shm-usage" "- ... 8" "--remote-allow-hosts" "localhost" "-no-remote" "-profile" "C:\\Users\\andil\\AppData\\Local\\Temp\\rust_mozprofile6cvI7T"
*** You are running in headless mode.
console.warn: services.settings: Ignoring preference override of remote settings server
console.warn: services.settings: Allow by setting MOZ_REMOTE_SETTINGS_DEVTOOLS=1 in the environment
Dynamically enable window occlusion 0
1754397920983	Marionette	INFO	Marionette enabled
console.error: "Warning: unrecognized command line flag" "-no-sandbox"
console.error: "Warning: unrecognized command line flag" "-ignore-certificate-errors"
console.error: "Warning: unrecognized command line flag" "-log-level"
console.error: "Warning: unrecognized command line flag" "-disable-notifications"
console.error: "Warning: unrecognized command line flag" "-user-agent"
1754397921145	Marionette	INFO	Listening on port 58968
WebDriver BiDi listening on ws://127.0.0.1:58888
Read port: 58968
1754397921289	RemoteAgent	WARN	TLS certificate errors will be ignored for this session
[GFX1-]: RenderCompositorSWGL failed mapping default framebuffer, no dt
console.error: CustomizableUI: 
  Could not localize property 'fxms-bmb-button.tooltiptext'.
console.error: [Exception... "Component returned failure code: 0x80070057 (NS_ERROR_ILLEGAL_VALUE) [nsIWinTaskbar.getTaskbarProgress]"  nsresult: "0x80070057 (NS_ERROR_ILLEGAL_VALUE)"  location: "JS frame :: resource:///modules/DownloadsTaskbar.sys.mjs :: _attachIndicator :: line 127"  data: no]
JavaScript error: resource://gre/modules/shared/FormAutofillHandler.sys.mjs, line 868: TypeError: can't access property "trim", element.value is undefined
console.warn: LoginRecipes: "Falling back to a synchronous message for: https://x.com."
1754399206616	geckodriver	INFO	Listening on 127.0.0.1:58545
1754399209684	mozrunner::runner	INFO	Running command: "C:\\Program Files\\Mozilla Firefox\\firefox.exe" "--marionette" "--no-sandbox" "--disable-dev-shm-usage" "- ... 6" "--remote-allow-hosts" "localhost" "-no-remote" "-profile" "C:\\Users\\andil\\AppData\\Local\\Temp\\rust_mozprofilexIijWX"
*** You are running in headless mode.
console.warn: services.settings: Ignoring preference override of remote settings server
console.warn: services.settings: Allow by setting MOZ_REMOTE_SETTINGS_DEVTOOLS=1 in the environment
Dynamically enable window occlusion 0
1754399210092	Marionette	INFO	Marionette enabled
console.error: "Warning: unrecognized command line flag" "-no-sandbox"
console.error: "Warning: unrecognized command line flag" "-ignore-certificate-errors"
console.error: "Warning: unrecognized command line flag" "-log-level"
console.error: "Warning: unrecognized command line flag" "-disable-notifications"
console.error: "Warning: unrecognized command line flag" "-user-agent"
1754399210172	Marionette	INFO	Listening on port 58594
WebDriver BiDi listening on ws://127.0.0.1:58546
Read port: 58594
1754399210271	RemoteAgent	WARN	TLS certificate errors will be ignored for this session
[GFX1-]: RenderCompositorSWGL failed mapping default framebuffer, no dt
console.error: CustomizableUI: 
  Could not localize property 'fxms-bmb-button.tooltiptext'.
console.error: [Exception... "Component returned failure code: 0x80070057 (NS_ERROR_ILLEGAL_VALUE) [nsIWinTaskbar.getTaskbarProgress]"  nsresult: "0x80070057 (NS_ERROR_ILLEGAL_VALUE)"  location: "JS frame :: resource:///modules/DownloadsTaskbar.sys.mjs :: _attachIndicator :: line 127"  data: no]
JavaScript error: resource://gre/modules/shared/FormAutofillHandler.sys.mjs, line 868: TypeError: can't access property "trim", element.value is undefined
console.warn: LoginRecipes: "Falling back to a synchronous message for: https://x.com."
JavaScript error: , line 0: uncaught exception: Object
console.error: "Could not write session state file " (new NotReadableError("Could not write to `C:\\Users\\andil\\AppData\\Local\\Temp\\rust_mozprofilexIijWX\\sessionstore-backups\\recovery.jsonlz4.tmp': failed to write chunk; the file may be corrupt (NS_ERROR_FILE_NO_DEVICE_SPACE)", (void 0))) ""
[GFX1-]: VideoBridgeParent receives IPC close with reason=AbnormalShutdown
[GFX1-]: VideoBridgeParent receives IPC close with reason=AbnormalShutdown
irefox.exe" "--marionette" "--no-sandbox" "--disable-dev-shm-usage" "- ... 3" "--remote-allow-hosts" "localhost" "-no-remote" "-profile" "C:\\Users\\andil\\AppData\\Local\\Temp\\rust_mozprofileRzWZ07"
*** You are running in headless mode.
console.warn: services.settings: Ignoring preference override of remote settings server
console.warn: services.settings: Allow by setting MOZ_REMOTE_SETTINGS_DEVTOOLS=1 in the environment
Dynamically enable window occlusion 0
1754399333478	Marionette	INFO	Marionette enabled
console.error: "Warning: unrecognized command line flag" "-no-sandbox"
console.error: "Warning: unrecognized command line flag" "-ignore-certificate-errors"
console.error: "Warning: unrecognized command line flag" "-log-level"
console.error: "Warning: unrecognized command line flag" "-disable-notifications"
console.error: "Warning: unrecognized command line flag" "-user-agent"
1754399333551	Marionette	INFO	Listening on port 60062
WebDriver BiDi listening on ws://127.0.0.1:60013
Read port: 60062
1754399333671	RemoteAgent	WARN	TLS certificate errors will be ignored for this session
[GFX1-]: RenderCompositorSWGL failed mapping default framebuffer, no dt
console.error: CustomizableUI: 
  Could not localize property 'fxms-bmb-button.tooltiptext'.
console.error: [Exception... "Component returned failure code: 0x80070057 (NS_ERROR_ILLEGAL_VALUE) [nsIWinTaskbar.getTaskbarProgress]"  nsresult: "0x80070057 (NS_ERROR_ILLEGAL_VALUE)"  location: "JS frame :: resource:///modules/DownloadsTaskbar.sys.mjs :: _attachIndicator :: line 127"  data: no]
JavaScript warning: https://client-api.arkoselabs.com/v2/2F4F0B28-BC94-4271-8AD7-A51662E3C91C/api.js, line 1: WEBGL_debug_renderer_info is deprecated in Firefox and will be removed. Please use RENDERER.
JavaScript error: resource://gre/modules/shared/FormAutofillHandler.sys.mjs, line 868: TypeError: can't access property "trim", element.value is undefined
console.warn: LoginRecipes: "Falling back to a synchronous message for: https://x.com."
console.log: "RemoteSettingsWorker error: QuotaExceededError: IndexedDB:  execute() The current transaction exceeded its quota limitations."
console.error: (new RemoteSettingsWorkerError("QuotaExceededError: IndexedDB:  execute() The current transaction exceeded its quota limitations.", "resource://services-settings/RemoteSettingsWorker.sys.mjs", 34))
console.error: (new AbortError("IndexedDB: main/language-dictionaries getLastModified() IndexedDB:  execute() A request was aborted, for example through a call to IDBTransaction.abort.", "resource://services-settings/IDBHelpers.sys.mjs", 16))
1754399493992	geckodriver	INFO	Listening on 127.0.0.1:62164
1754399497080	mozrunner::runner	INFO	Running command: "C:\\Program Files\\Mozilla Firefox\\firefox.exe" "--marionette" "--no-sandbox" "--disable-dev-shm-usage" "- ... 5" "--remote-allow-hosts" "localhost" "-no-remote" "-profile" "C:\\Users\\andil\\AppData\\Local\\Temp\\rust_mozprofileSwpAHI"
*** You are running in headless mode.
console.warn: services.settings: Ignoring preference override of remote settings server
console.warn: services.settings: Allow by setting MOZ_REMOTE_SETTINGS_DEVTOOLS=1 in the environment
Dynamically enable window occlusion 0
1754399497504	Marionette	INFO	Marionette enabled
console.error: "Warning: unrecognized command line flag" "-no-sandbox"
console.error: "Warning: unrecognized command line flag" "-ignore-certificate-errors"
console.error: "Warning: unrecognized command line flag" "-log-level"
console.error: "Warning: unrecognized command line flag" "-disable-notifications"
console.error: "Warning: unrecognized command line flag" "-user-agent"
1754399497589	Marionette	INFO	Listening on port 62217
WebDriver BiDi listening on ws://127.0.0.1:62165
Read port: 62217
1754399497770	RemoteAgent	WARN	TLS certificate errors will be ignored for this session
[GFX1-]: RenderCompositorSWGL failed mapping default framebuffer, no dt
console.error: CustomizableUI: 
  Could not localize property 'fxms-bmb-button.tooltiptext'.
console.error: [Exception... "Component returned failure code: 0x80070057 (NS_ERROR_ILLEGAL_VALUE) [nsIWinTaskbar.getTaskbarProgress]"  nsresult: "0x80070057 (NS_ERROR_ILLEGAL_VALUE)"  location: "JS frame :: resource:///modules/DownloadsTaskbar.sys.mjs :: _attachIndicator :: line 127"  data: no]
JavaScript error: resource://gre/modules/shared/FormAutofillHandler.sys.mjs, line 868: TypeError: can't access property "trim", element.value is undefined
console.warn: LoginRecipes: "Falling back to a synchronous message for: https://x.com."
[GFX1-]: VideoBridgeParent receives IPC close with reason=AbnormalShutdown
JavaScript error: chrome://global/content/elements/browser-custom-element.mjs, line 1751: Error: permitUnload is already running for this tab.
1754400225774	geckodriver	INFO	Listening on 127.0.0.1:56801
1754400228855	mozrunner::runner	INFO	Running command: "C:\\Program Files\\Mozilla Firefox\\firefox.exe" "--marionette" "--no-sandbox" "--disable-dev-shm-usage" "- ... 2" "--remote-allow-hosts" "localhost" "-no-remote" "-profile" "C:\\Users\\andil\\AppData\\Local\\Temp\\rust_mozprofilelLf2FX"
*** You are running in headless mode.
console.warn: services.settings: Ignoring preference override of remote settings server
console.warn: services.settings: Allow by setting MOZ_REMOTE_SETTINGS_DEVTOOLS=1 in the environment
Dynamically enable window occlusion 0
1754400229350	Marionette	INFO	Marionette enabled
console.error: "Warning: unrecognized command line flag" "-no-sandbox"
console.error: "Warning: unrecognized command line flag" "-ignore-certificate-errors"
console.error: "Warning: unrecognized command line flag" "-log-level"
console.error: "Warning: unrecognized command line flag" "-disable-notifications"
console.error: "Warning: unrecognized command line flag" "-user-agent"
1754400229428	Marionette	INFO	Listening on port 56857
WebDriver BiDi listening on ws://127.0.0.1:56802
Read port: 56857
1754400229525	RemoteAgent	WARN	TLS certificate errors will be ignored for this session
[GFX1-]: RenderCompositorSWGL failed mapping default framebuffer, no dt
console.error: CustomizableUI: 
  Could not localize property 'fxms-bmb-button.tooltiptext'.
console.error: [Exception... "Component returned failure code: 0x80070057 (NS_ERROR_ILLEGAL_VALUE) [nsIWinTaskbar.getTaskbarProgress]"  nsresult: "0x80070057 (NS_ERROR_ILLEGAL_VALUE)"  location: "JS frame :: resource:///modules/DownloadsTaskbar.sys.mjs :: _attachIndicator :: line 127"  data: no]
JavaScript error: resource://gre/modules/shared/FormAutofillHandler.sys.mjs, line 868: TypeError: can't access property "trim", element.value is undefined
console.warn: LoginRecipes: "Falling back to a synchronous message for: https://x.com."
1754404386584	geckodriver	INFO	Listening on 127.0.0.1:58801
1754404389700	mozrunner::runner	INFO	Running command: "C:\\Program Files\\Mozilla Firefox\\firefox.exe" "--marionette" "--no-sandbox" "--disable-dev-shm-usage" "- ... 2" "--remote-allow-hosts" "localhost" "-no-remote" "-profile" "C:\\Users\\andil\\AppData\\Local\\Temp\\rust_mozprofileSOA5Oh"
*** You are running in headless mode.
console.warn: services.settings: Ignoring preference override of remote settings server
console.warn: services.settings: Allow by setting MOZ_REMOTE_SETTINGS_DEVTOOLS=1 in the environment
Dynamically enable window occlusion 0
1754404390656	Marionette	INFO	Marionette enabled
console.error: "Warning: unrecognized command line flag" "-no-sandbox"
console.error: "Warning: unrecognized command line flag" "-ignore-certificate-errors"
console.error: "Warning: unrecognized command line flag" "-log-level"
console.error: "Warning: unrecognized command line flag" "-disable-notifications"
console.error: "Warning: unrecognized command line flag" "-user-agent"
1754404390831	Marionette	INFO	Listening on port 58869
Read port: 58869
WebDriver BiDi listening on ws://127.0.0.1:58802
1754404390928	RemoteAgent	WARN	TLS certificate errors will be ignored for this session
[GFX1-]: RenderCompositorSWGL failed mapping default framebuffer, no dt
console.error: CustomizableUI: 
  Could not localize property 'fxms-bmb-button.tooltiptext'.
console.error: [Exception... "Component returned failure code: 0x80070057 (NS_ERROR_ILLEGAL_VALUE) [nsIWinTaskbar.getTaskbarProgress]"  nsresult: "0x80070057 (NS_ERROR_ILLEGAL_VALUE)"  location: "JS frame :: resource:///modules/DownloadsTaskbar.sys.mjs :: _attachIndicator :: line 127"  data: no]
JavaScript error: resource://gre/modules/shared/FormAutofillHandler.sys.mjs, line 868: TypeError: can't access property "trim", element.value is undefined
console.warn: LoginRecipes: "Falling back to a synchronous message for: https://x.com."
1754404562881	Marionette	WARN	Ignoring event 'DOMContentLoaded' because document has an invalid readyState of 'complete'.
JavaScript error: https://x.com/home, line 344: ChunkLoadError: Loading chunk ondemand.Dropdown failed.
(error: https://abs.twimg.com/responsive-web/client-web/ondemand.Dropdown.578394fa.js)
JavaScript error: https://x.com/home, line 344: ChunkLoadError: Loading chunk loader.FwdForSdk-594367b3 failed.
(error: https://abs.twimg.com/responsive-web/client-web/loader.FwdForSdk-594367b3.8584ff9a.js)
JavaScript error: https://x.com/home, line 344: ChunkLoadError: Loading chunk ondemand.s failed.
(error: https://abs.twimg.com/responsive-web/client-web/ondemand.s.4fca826a.js)
console.warn: WindowsJumpLists: "Failed to fetch favicon for " "https://x.com/home" [Exception... "Failure"  nsresult: "0x80004005 (NS_ERROR_FAILURE)"  location: "<unknown>"  data: no]
1754404743731	Marionette	INFO	Stopped listening on port 58869
Dynamically enable window occlusion 1
console.error: "Failed to fetch https://ads.mozilla.org/v1/delete_user:" "NetworkError when attempting to fetch resource."
console.warn: TopSitesFeed: Failed to fetch data from MARS server: NetworkError when attempting to fetch resource.
JavaScript error: resource://services-settings/RemoteSettingsClient.sys.mjs, line 101: Error: Unknown callback
1754404824802	geckodriver	INFO	Listening on 127.0.0.1:51351
1754404827828	mozrunner::runner	INFO	Running command: "C:\\Program Files\\Mozilla Firefox\\firefox.exe" "--marionette" "--no-sandbox" "--disable-dev-shm-usage" "- ... 2" "--remote-allow-hosts" "localhost" "-no-remote" "-profile" "C:\\Users\\andil\\AppData\\Local\\Temp\\rust_mozprofile3Wwl3z"
*** You are running in headless mode.
console.warn: services.settings: Ignoring preference override of remote settings server
console.warn: services.settings: Allow by setting MOZ_REMOTE_SETTINGS_DEVTOOLS=1 in the environment
Dynamically enable window occlusion 0
1754404828560	Marionette	INFO	Marionette enabled
console.error: "Warning: unrecognized command line flag" "-no-sandbox"
console.error: "Warning: unrecognized command line flag" "-ignore-certificate-errors"
console.error: "Warning: unrecognized command line flag" "-log-level"
console.error: "Warning: unrecognized command line flag" "-disable-notifications"
console.error: "Warning: unrecognized command line flag" "-user-agent"
1754404828703	Marionette	INFO	Listening on port 51413
WebDriver BiDi listening on ws://127.0.0.1:51352
Read port: 51413
1754404828901	RemoteAgent	WARN	TLS certificate errors will be ignored for this session
[GFX1-]: RenderCompositorSWGL failed mapping default framebuffer, no dt
console.error: CustomizableUI: 
  Could not localize property 'fxms-bmb-button.tooltiptext'.
console.error: [Exception... "Component returned failure code: 0x80070057 (NS_ERROR_ILLEGAL_VALUE) [nsIWinTaskbar.getTaskbarProgress]"  nsresult: "0x80070057 (NS_ERROR_ILLEGAL_VALUE)"  location: "JS frame :: resource:///modules/DownloadsTaskbar.sys.mjs :: _attachIndicator :: line 127"  data: no]
JavaScript error: resource://gre/modules/shared/FormAutofillHandler.sys.mjs, line 868: TypeError: can't access property "trim", element.value is undefined
console.warn: LoginRecipes: "Falling back to a synchronous message for: https://x.com."
1754405000717	Marionette	WARN	Ignoring event 'DOMContentLoaded' because document has an invalid readyState of 'complete'.
console.warn: WindowsJumpLists: "Failed to fetch favicon for " "https://x.com/home" [Exception... "Failure"  nsresult: "0x80004005 (NS_ERROR_FAILURE)"  location: "<unknown>"  data: no]
console.warn: WindowsJumpLists: "Failed to fetch favicon for " "https://x.com/home" [Exception... "Failure"  nsresult: "0x80004005 (NS_ERROR_FAILURE)"  location: "<unknown>"  data: no]
JavaScript error: https://abs.twimg.com/responsive-web/client-web/main.3bad27ca.js, line 1: Error: ApiError: https://x.com/i/api/2/badge_count/badge_count.json HTTP-0 codes:[1004]
JavaScript error: https://abs.twimg.com/responsive-web/client-web/main.3bad27ca.js, line 1: Error: ApiError: https://x.com/i/api/2/badge_count/badge_count.json HTTP-0 codes:[1004]
JavaScript error: https://abs.twimg.com/responsive-web/client-web/main.3bad27ca.js, line 1: Error: ApiError: https://x.com/i/api/2/badge_count/badge_count.json HTTP-0 codes:[1004]
JavaScript error: https://abs.twimg.com/responsive-web/client-web/main.3bad27ca.js, line 1: Error: ApiError: https://x.com/i/api/2/badge_count/badge_count.json HTTP-0 codes:[1004]
1754439072625	Marionette	WARN	Atom getVisibleText failed: "InternalError: too much recursion"
JavaScript error: https://abs.twimg.com/responsive-web/client-web/main.3bad27ca.js, line 1: Error: ApiError: https://x.com/i/api/2/badge_count/badge_count.json HTTP-0 codes:[1004]
JavaScript error: https://abs.twimg.com/responsive-web/client-web/main.3bad27ca.js, line 1: Error: ApiError: https://x.com/i/api/2/badge_count/badge_count.json HTTP-0 codes:[1004]
1754462034202	geckodriver	INFO	Listening on 127.0.0.1:64668
1754462037258	mozrunner::runner	INFO	Running command: "C:\\Program Files\\Mozilla Firefox\\firefox.exe" "--marionette" "--no-sandbox" "--disable-dev-shm-usage" "- ... 9" "--remote-allow-hosts" "localhost" "-no-remote" "-profile" "C:\\Users\\andil\\AppData\\Local\\Temp\\rust_mozprofileohSZ6X"
*** You are running in headless mode.
console.warn: services.settings: Ignoring preference override of remote settings server
console.warn: services.settings: Allow by setting MOZ_REMOTE_SETTINGS_DEVTOOLS=1 in the environment
Dynamically enable window occlusion 0
1754462037809	Marionette	INFO	Marionette enabled
console.error: "Warning: unrecognized command line flag" "-no-sandbox"
console.error: "Warning: unrecognized command line flag" "-ignore-certificate-errors"
console.error: "Warning: unrecognized command line flag" "-log-level"
console.error: "Warning: unrecognized command line flag" "-disable-notifications"
console.error: "Warning: unrecognized command line flag" "-user-agent"
1754462037929	Marionette	INFO	Listening on port 64734
WebDriver BiDi listening on ws://127.0.0.1:64669
Read port: 64734
1754462038089	RemoteAgent	WARN	TLS certificate errors will be ignored for this session
[GFX1-]: RenderCompositorSWGL failed mapping default framebuffer, no dt
console.error: CustomizableUI: 
  Could not localize property 'fxms-bmb-button.tooltiptext'.
console.error: [Exception... "Component returned failure code: 0x80070057 (NS_ERROR_ILLEGAL_VALUE) [nsIWinTaskbar.getTaskbarProgress]"  nsresult: "0x80070057 (NS_ERROR_ILLEGAL_VALUE)"  location: "JS frame :: resource:///modules/DownloadsTaskbar.sys.mjs :: _attachIndicator :: line 127"  data: no]
JavaScript error: resource://gre/modules/shared/FormAutofillHandler.sys.mjs, line 868: TypeError: can't access property "trim", element.value is undefined
console.warn: LoginRecipes: "Falling back to a synchronous message for: https://x.com."
JavaScript error: https://abs.twimg.com/responsive-web/client-web/main.3bad27ca.js, line 1: Error: ApiError: https://api.x.com/1.1/account/settings.json HTTP-0 codes:[1004]
JavaScript error: https://abs.twimg.com/responsive-web/client-web/main.3bad27ca.js, line 1: Error: ApiError: https://x.com/i/api/graphql/-J7Td7vigL4PFqSky3Bitw/HomeTimeline HTTP-0 codes:[1004]
JavaScript error: https://abs.twimg.com/responsive-web/client-web/main.3bad27ca.js, line 1: Error: ApiError: https://x.com/i/api/2/badge_count/badge_count.json HTTP-0 codes:[1004]
JavaScript error: https://abs.twimg.com/responsive-web/client-web/main.3bad27ca.js, line 1: Error: ApiError: https://x.com/i/api/2/badge_count/badge_count.json HTTP-0 codes:[1004]
JavaScript error: https://abs.twimg.com/responsive-web/client-web/main.3bad27ca.js, line 1: Error: ApiError: https://x.com/i/api/2/badge_count/badge_count.json HTTP-0 codes:[1004]
JavaScript error: https://abs.twimg.com/responsive-web/client-web/main.3bad27ca.js, line 1: Error: ApiError: https://x.com/i/api/2/badge_count/badge_count.json HTTP-0 codes:[1004]
JavaScript error: https://abs.twimg.com/responsive-web/client-web/main.3bad27ca.js, line 1: Error: ApiError: https://x.com/i/api/2/badge_count/badge_count.json HTTP-0 codes:[1004]
JavaScript error: https://abs.twimg.com/responsive-web/client-web/main.3bad27ca.js, line 1: Error: ApiError: https://x.com/i/api/2/badge_count/badge_count.json HTTP-0 codes:[1004]
JavaScript error: https://abs.twimg.com/responsive-web/client-web/main.3bad27ca.js, line 1: Error: ApiError: https://x.com/i/api/2/badge_count/badge_count.json HTTP-0 codes:[1004]
JavaScript error: https://abs.twimg.com/responsive-web/client-web/main.3bad27ca.js, line 1: Error: ApiError: https://x.com/i/api/2/badge_count/badge_count.json HTTP-0 codes:[1004]
JavaScript error: https://abs.twimg.com/responsive-web/client-web/main.3bad27ca.js, line 1: Error: ApiError: https://x.com/i/api/2/badge_count/badge_count.json HTTP-0 codes:[1004]
JavaScript error: https://abs.twimg.com/responsive-web/client-web/main.3bad27ca.js, line 1: Error: ApiError: https://x.com/i/api/2/badge_count/badge_count.json HTTP-0 codes:[1004]
JavaScript error: https://abs.twimg.com/responsive-web/client-web/main.3bad27ca.js, line 1: Error: ApiError: https://x.com/i/api/2/badge_count/badge_count.json HTTP-0 codes:[1004]
1754472523770	geckodriver	INFO	Listening on 127.0.0.1:57407
1754472526830	mozrunner::runner	INFO	Running command: "C:\\Program Files\\Mozilla Firefox\\firefox.exe" "--marionette" "--no-sandbox" "--disable-dev-shm-usage" "- ... 8" "--remote-allow-hosts" "localhost" "-no-remote" "-profile" "C:\\Users\\andil\\AppData\\Local\\Temp\\rust_mozprofilePpyvO3"
*** You are running in headless mode.
console.warn: services.settings: Ignoring preference override of remote settings server
console.warn: services.settings: Allow by setting MOZ_REMOTE_SETTINGS_DEVTOOLS=1 in the environment
Dynamically enable window occlusion 0
1754472527282	Marionette	INFO	Marionette enabled
console.error: "Warning: unrecognized command line flag" "-no-sandbox"
console.error: "Warning: unrecognized command line flag" "-ignore-certificate-errors"
console.error: "Warning: unrecognized command line flag" "-log-level"
console.error: "Warning: unrecognized command line flag" "-disable-notifications"
console.error: "Warning: unrecognized command line flag" "-user-agent"
1754472527387	Marionette	INFO	Listening on port 57470
WebDriver BiDi listening on ws://127.0.0.1:57408
Read port: 57470
1754472527506	RemoteAgent	WARN	TLS certificate errors will be ignored for this session
[GFX1-]: RenderCompositorSWGL failed mapping default framebuffer, no dt
console.error: CustomizableUI: 
  Could not localize property 'fxms-bmb-button.tooltiptext'.
console.error: [Exception... "Component returned failure code: 0x80070057 (NS_ERROR_ILLEGAL_VALUE) [nsIWinTaskbar.getTaskbarProgress]"  nsresult: "0x80070057 (NS_ERROR_ILLEGAL_VALUE)"  location: "JS frame :: resource:///modules/DownloadsTaskbar.sys.mjs :: _attachIndicator :: line 127"  data: no]
JavaScript warning: https://client-api.arkoselabs.com/v2/2F4F0B28-BC94-4271-8AD7-A51662E3C91C/api.js, line 1: WEBGL_debug_renderer_info is deprecated in Firefox and will be removed. Please use RENDERER.
JavaScript error: resource://autofill/FormAutofillChild.sys.mjs, line 596: TypeError: can't access property "isConnected", element is undefined
1754472544721	Marionette	INFO	Stopped listening on port 57470
Dynamically enable window occlusion 1
console.error: "Failed to fetch https://ads.mozilla.org/v1/delete_user:" "NetworkError when attempting to fetch resource."
console.warn: TopSitesFeed: Failed to fetch data from MARS server: NetworkError when attempting to fetch resource.
JavaScript error: resource://services-settings/RemoteSettingsClient.sys.mjs, line 101: Error: Unknown callback
1754472609078	geckodriver	INFO	Listening on 127.0.0.1:58628
1754472612128	mozrunner::runner	INFO	Running command: "C:\\Program Files\\Mozilla Firefox\\firefox.exe" "--marionette" "--no-sandbox" "--disable-dev-shm-usage" "- ... 9" "--remote-allow-hosts" "localhost" "-no-remote" "-profile" "C:\\Users\\andil\\AppData\\Local\\Temp\\rust_mozprofilenQgB5V"
*** You are running in headless mode.
console.warn: services.settings: Ignoring preference override of remote settings server
console.warn: services.settings: Allow by setting MOZ_REMOTE_SETTINGS_DEVTOOLS=1 in the environment
Dynamically enable window occlusion 0
1754472612435	Marionette	INFO	Marionette enabled
console.error: "Warning: unrecognized command line flag" "-no-sandbox"
console.error: "Warning: unrecognized command line flag" "-ignore-certificate-errors"
console.error: "Warning: unrecognized command line flag" "-log-level"
console.error: "Warning: unrecognized command line flag" "-disable-notifications"
console.error: "Warning: unrecognized command line flag" "-user-agent"
1754472612524	Marionette	INFO	Listening on port 58687
WebDriver BiDi listening on ws://127.0.0.1:58629
Read port: 58687
1754472612599	RemoteAgent	WARN	TLS certificate errors will be ignored for this session
[GFX1-]: RenderCompositorSWGL failed mapping default framebuffer, no dt
console.error: CustomizableUI: 
  Could not localize property 'fxms-bmb-button.tooltiptext'.
console.error: [Exception... "Component returned failure code: 0x80070057 (NS_ERROR_ILLEGAL_VALUE) [nsIWinTaskbar.getTaskbarProgress]"  nsresult: "0x80070057 (NS_ERROR_ILLEGAL_VALUE)"  location: "JS frame :: resource:///modules/DownloadsTaskbar.sys.mjs :: _attachIndicator :: line 127"  data: no]
JavaScript warning: https://client-api.arkoselabs.com/v2/2F4F0B28-BC94-4271-8AD7-A51662E3C91C/api.js, line 1: WEBGL_debug_renderer_info is deprecated in Firefox and will be removed. Please use RENDERER.
JavaScript error: resource://autofill/FormAutofillChild.sys.mjs, line 596: TypeError: can't access property "isConnected", element is undefined
1754472629897	Marionette	INFO	Stopped listening on port 58687
Dynamically enable window occlusion 1
console.error: "Failed to fetch https://ads.mozilla.org/v1/delete_user:" "NetworkError when attempting to fetch resource."
console.warn: TopSitesFeed: Failed to fetch data from MARS server: NetworkError when attempting to fetch resource.
JavaScript error: resource://services-settings/RemoteSettingsClient.sys.mjs, line 101: Error: Unknown callback
1754472727770	geckodriver	INFO	Listening on 127.0.0.1:60371
1754472730835	mozrunner::runner	INFO	Running command: "C:\\Program Files\\Mozilla Firefox\\firefox.exe" "--marionette" "--no-sandbox" "--disable-dev-shm-usage" "- ... 2" "--remote-allow-hosts" "localhost" "-no-remote" "-profile" "C:\\Users\\andil\\AppData\\Local\\Temp\\rust_mozprofileUG1A8T"
*** You are running in headless mode.
console.warn: services.settings: Ignoring preference override of remote settings server
console.warn: services.settings: Allow by setting MOZ_REMOTE_SETTINGS_DEVTOOLS=1 in the environment
Dynamically enable window occlusion 0
1754472731247	Marionette	INFO	Marionette enabled
console.error: "Warning: unrecognized command line flag" "-no-sandbox"
console.error: "Warning: unrecognized command line flag" "-ignore-certificate-errors"
console.error: "Warning: unrecognized command line flag" "-log-level"
console.error: "Warning: unrecognized command line flag" "-disable-notifications"
console.error: "Warning: unrecognized command line flag" "-user-agent"
1754472731336	Marionette	INFO	Listening on port 60430
WebDriver BiDi listening on ws://127.0.0.1:60372
Read port: 60430
1754472731420	RemoteAgent	WARN	TLS certificate errors will be ignored for this session
[GFX1-]: RenderCompositorSWGL failed mapping default framebuffer, no dt
console.error: CustomizableUI: 
  Could not localize property 'fxms-bmb-button.tooltiptext'.
console.error: [Exception... "Component returned failure code: 0x80070057 (NS_ERROR_ILLEGAL_VALUE) [nsIWinTaskbar.getTaskbarProgress]"  nsresult: "0x80070057 (NS_ERROR_ILLEGAL_VALUE)"  location: "JS frame :: resource:///modules/DownloadsTaskbar.sys.mjs :: _attachIndicator :: line 127"  data: no]
JavaScript warning: https://client-api.arkoselabs.com/v2/2F4F0B28-BC94-4271-8AD7-A51662E3C91C/api.js, line 1: WEBGL_debug_renderer_info is deprecated in Firefox and will be removed. Please use RENDERER.
JavaScript error: resource://autofill/FormAutofillChild.sys.mjs, line 596: TypeError: can't access property "isConnected", element is undefined
1754472748509	Marionette	INFO	Stopped listening on port 60430
Dynamically enable window occlusion 1
console.error: "Failed to fetch https://ads.mozilla.org/v1/delete_user:" "NetworkError when attempting to fetch resource."
console.warn: TopSitesFeed: Failed to fetch data from MARS server: NetworkError when attempting to fetch resource.
JavaScript error: resource://services-settings/RemoteSettingsClient.sys.mjs, line 101: Error: Unknown callback
1754472856594	geckodriver	INFO	Listening on 127.0.0.1:62192
1754472859636	mozrunner::runner	INFO	Running command: "C:\\Program Files\\Mozilla Firefox\\firefox.exe" "--marionette" "--no-sandbox" "--disable-dev-shm-usage" "- ... 3" "--remote-allow-hosts" "localhost" "-no-remote" "-profile" "C:\\Users\\andil\\AppData\\Local\\Temp\\rust_mozprofileU0F0Eg"
console.warn: services.settings: Ignoring preference override of remote settings server
console.warn: services.settings: Allow by setting MOZ_REMOTE_SETTINGS_DEVTOOLS=1 in the environment
Dynamically enable window occlusion 0
1754472859981	Marionette	INFO	Marionette enabled
console.error: "Warning: unrecognized command line flag" "-no-sandbox"
console.error: "Warning: unrecognized command line flag" "-ignore-certificate-errors"
console.error: "Warning: unrecognized command line flag" "-log-level"
console.error: "Warning: unrecognized command line flag" "-disable-notifications"
console.error: "Warning: unrecognized command line flag" "-user-agent"
1754472860079	Marionette	INFO	Listening on port 62252
WebDriver BiDi listening on ws://127.0.0.1:62193
Read port: 62252
1754472860206	RemoteAgent	WARN	TLS certificate errors will be ignored for this session
console.error: CustomizableUI: 
  Could not localize property 'fxms-bmb-button.tooltiptext'.
JavaScript error: resource://autofill/FormAutofillChild.sys.mjs, line 596: TypeError: can't access property "isConnected", element is undefined
1754472879281	Marionette	INFO	Stopped listening on port 62252
Dynamically enable window occlusion 1
console.error: "Failed to fetch https://ads.mozilla.org/v1/delete_user:" "NetworkError when attempting to fetch resource."
console.warn: TopSitesFeed: Failed to fetch data from MARS server: NetworkError when attempting to fetch resource.
JavaScript error: resource://services-settings/RemoteSettingsClient.sys.mjs, line 101: Error: Unknown callback
1754473116925	geckodriver	INFO	Listening on 127.0.0.1:49510
1754473119984	mozrunner::runner	INFO	Running command: "C:\\Program Files\\Mozilla Firefox\\firefox.exe" "--marionette" "--no-sandbox" "--disable-dev-shm-usage" "- ... 1" "--remote-allow-hosts" "localhost" "-no-remote" "-profile" "C:\\Users\\andil\\AppData\\Local\\Temp\\rust_mozprofileFVTNtb"
console.warn: services.settings: Ignoring preference override of remote settings server
console.warn: services.settings: Allow by setting MOZ_REMOTE_SETTINGS_DEVTOOLS=1 in the environment
Dynamically enable window occlusion 0
1754473120471	Marionette	INFO	Marionette enabled
console.error: "Warning: unrecognized command line flag" "-no-sandbox"
console.error: "Warning: unrecognized command line flag" "-ignore-certificate-errors"
console.error: "Warning: unrecognized command line flag" "-log-level"
console.error: "Warning: unrecognized command line flag" "-disable-notifications"
console.error: "Warning: unrecognized command line flag" "-user-agent"
1754473120591	Marionette	INFO	Listening on port 49575
WebDriver BiDi listening on ws://127.0.0.1:49511
Read port: 49575
1754473120846	RemoteAgent	WARN	TLS certificate errors will be ignored for this session
console.error: CustomizableUI: 
  Could not localize property 'fxms-bmb-button.tooltiptext'.
1754473136680	Marionette	INFO	Stopped listening on port 49575
Dynamically enable window occlusion 1
console.error: "Failed to fetch https://ads.mozilla.org/v1/delete_user:" "NetworkError when attempting to fetch resource."
console.warn: TopSitesFeed: Failed to fetch data from MARS server: NetworkError when attempting to fetch resource.
JavaScript error: resource://services-settings/RemoteSettingsClient.sys.mjs, line 101: Error: Unknown callback
1754473144415	geckodriver	INFO	Listening on 127.0.0.1:50512
1754473147470	mozrunner::runner	INFO	Running command: "C:\\Program Files\\Mozilla Firefox\\firefox.exe" "--marionette" "--no-sandbox" "--disable-dev-shm-usage" "- ... 3" "--remote-allow-hosts" "localhost" "-no-remote" "-profile" "C:\\Users\\andil\\AppData\\Local\\Temp\\rust_mozprofileceXeiG"
console.warn: services.settings: Ignoring preference override of remote settings server
console.warn: services.settings: Allow by setting MOZ_REMOTE_SETTINGS_DEVTOOLS=1 in the environment
Dynamically enable window occlusion 0
1754473147811	Marionette	INFO	Marionette enabled
console.error: "Warning: unrecognized command line flag" "-no-sandbox"
console.error: "Warning: unrecognized command line flag" "-ignore-certificate-errors"
console.error: "Warning: unrecognized command line flag" "-log-level"
console.error: "Warning: unrecognized command line flag" "-disable-notifications"
console.error: "Warning: unrecognized command line flag" "-user-agent"
1754473147905	Marionette	INFO	Listening on port 50571
WebDriver BiDi listening on ws://127.0.0.1:50513
Read port: 50571
1754473148052	RemoteAgent	WARN	TLS certificate errors will be ignored for this session
console.error: CustomizableUI: 
  Could not localize property 'fxms-bmb-button.tooltiptext'.
JavaScript warning: https://client-api.arkoselabs.com/v2/2F4F0B28-BC94-4271-8AD7-A51662E3C91C/api.js, line 1: WEBGL_debug_renderer_info is deprecated in Firefox and will be removed. Please use RENDERER.
JavaScript error: resource://autofill/FormAutofillChild.sys.mjs, line 596: TypeError: can't access property "isConnected", element is undefined
1754473165607	Marionette	INFO	Stopped listening on port 50571
Dynamically enable window occlusion 1
console.error: "Failed to fetch https://ads.mozilla.org/v1/delete_user:" "NetworkError when attempting to fetch resource."
console.warn: TopSitesFeed: Failed to fetch data from MARS server: NetworkError when attempting to fetch resource.
JavaScript error: resource://services-settings/RemoteSettingsClient.sys.mjs, line 101: Error: Unknown callback
1754473473119	geckodriver	INFO	Listening on 127.0.0.1:55397
1754473476182	mozrunner::runner	INFO	Running command: "C:\\Program Files\\Mozilla Firefox\\firefox.exe" "--marionette" "--no-sandbox" "--disable-dev-shm-usage" "- ... 8" "--remote-allow-hosts" "localhost" "-no-remote" "-profile" "C:\\Users\\andil\\AppData\\Local\\Temp\\rust_mozprofileK4t7W2"
console.warn: services.settings: Ignoring preference override of remote settings server
console.warn: services.settings: Allow by setting MOZ_REMOTE_SETTINGS_DEVTOOLS=1 in the environment
Dynamically enable window occlusion 0
1754473476852	Marionette	INFO	Marionette enabled
console.error: "Warning: unrecognized command line flag" "-no-sandbox"
console.error: "Warning: unrecognized command line flag" "-ignore-certificate-errors"
console.error: "Warning: unrecognized command line flag" "-log-level"
console.error: "Warning: unrecognized command line flag" "-disable-notifications"
console.error: "Warning: unrecognized command line flag" "-user-agent"
1754473476996	Marionette	INFO	Listening on port 55465
WebDriver BiDi listening on ws://127.0.0.1:55398
Read port: 55465
1754473477222	RemoteAgent	WARN	TLS certificate errors will be ignored for this session
console.error: CustomizableUI: 
  Could not localize property 'fxms-bmb-button.tooltiptext'.
JavaScript warning: https://client-api.arkoselabs.com/v2/2F4F0B28-BC94-4271-8AD7-A51662E3C91C/api.js, line 1: WEBGL_debug_renderer_info is deprecated in Firefox and will be removed. Please use RENDERER.
JavaScript error: resource://gre/modules/shared/FormAutofillHandler.sys.mjs, line 868: TypeError: can't access property "trim", element.value is undefined
console.warn: LoginRecipes: "Falling back to a synchronous message for: https://x.com."
JavaScript error: https://abs.twimg.com/responsive-web/client-web/main.3bad27ca.js, line 1: Error: ApiError: https://x.com/i/api/graphql/-J7Td7vigL4PFqSky3Bitw/HomeTimeline HTTP-0 codes:[1004]
1754473757831	geckodriver	INFO	Listening on 127.0.0.1:53900
1754473760899	mozrunner::runner	INFO	Running command: "C:\\Program Files\\Mozilla Firefox\\firefox.exe" "--marionette" "--no-sandbox" "--disable-dev-shm-usage" "- ... 1" "--remote-allow-hosts" "localhost" "-no-remote" "-profile" "C:\\Users\\andil\\AppData\\Local\\Temp\\rust_mozprofile4UfRZM"
*** You are running in headless mode.
console.warn: services.settings: Ignoring preference override of remote settings server
console.warn: services.settings: Allow by setting MOZ_REMOTE_SETTINGS_DEVTOOLS=1 in the environment
Dynamically enable window occlusion 0
1754473761309	Marionette	INFO	Marionette enabled
console.error: "Warning: unrecognized command line flag" "-no-sandbox"
console.error: "Warning: unrecognized command line flag" "-ignore-certificate-errors"
console.error: "Warning: unrecognized command line flag" "-log-level"
console.error: "Warning: unrecognized command line flag" "-disable-notifications"
console.error: "Warning: unrecognized command line flag" "-user-agent"
1754473761388	Marionette	INFO	Listening on port 53962
WebDriver BiDi listening on ws://127.0.0.1:53901
Read port: 53962
1754473761496	RemoteAgent	WARN	TLS certificate errors will be ignored for this session
[GFX1-]: RenderCompositorSWGL failed mapping default framebuffer, no dt
console.error: CustomizableUI: 
  Could not localize property 'fxms-bmb-button.tooltiptext'.
console.error: [Exception... "Component returned failure code: 0x80070057 (NS_ERROR_ILLEGAL_VALUE) [nsIWinTaskbar.getTaskbarProgress]"  nsresult: "0x80070057 (NS_ERROR_ILLEGAL_VALUE)"  location: "JS frame :: resource:///modules/DownloadsTaskbar.sys.mjs :: _attachIndicator :: line 127"  data: no]
JavaScript error: resource://gre/modules/shared/FormAutofillHandler.sys.mjs, line 868: TypeError: can't access property "trim", element.value is undefined
console.warn: LoginRecipes: "Falling back to a synchronous message for: https://x.com."
JavaScript error: https://abs.twimg.com/responsive-web/client-web/main.3bad27ca.js, line 1: Error: ApiError: https://x.com/i/api/2/badge_count/badge_count.json HTTP-0 codes:[1004]
JavaScript error: https://abs.twimg.com/responsive-web/client-web/main.3bad27ca.js, line 1: Error: ApiError: https://x.com/i/api/2/badge_count/badge_count.json HTTP-0 codes:[1004]
JavaScript error: https://abs.twimg.com/responsive-web/client-web/main.3bad27ca.js, line 1: Error: ApiError: https://x.com/i/api/2/badge_count/badge_count.json HTTP-0 codes:[1004]
JavaScript error: https://abs.twimg.com/responsive-web/client-web/main.3bad27ca.js, line 1: Error: ApiError: https://x.com/i/api/2/badge_count/badge_count.json HTTP-0 codes:[1004]
[GFX1-]: VideoBridgeParent receives IPC close with reason=AbnormalShutdown
JavaScript error: chrome://global/content/elements/browser-custom-element.mjs, line 1751: Error: permitUnload is already running for this tab.
[GFX1-]: VideoBridgeParent receives IPC close with reason=AbnormalShutdown
1754476000922	geckodriver	INFO	Listening on 127.0.0.1:59204
1754476003987	mozrunner::runner	INFO	Running command: "C:\\Program Files\\Mozilla Firefox\\firefox.exe" "--marionette" "--no-sandbox" "--disable-dev-shm-usage" "- ... 5" "--remote-allow-hosts" "localhost" "-no-remote" "-profile" "C:\\Users\\andil\\AppData\\Local\\Temp\\rust_mozprofilevIgev6"
*** You are running in headless mode.
console.warn: services.settings: Ignoring preference override of remote settings server
console.warn: services.settings: Allow by setting MOZ_REMOTE_SETTINGS_DEVTOOLS=1 in the environment
Dynamically enable window occlusion 0
1754476004383	Marionette	INFO	Marionette enabled
console.error: "Warning: unrecognized command line flag" "-no-sandbox"
console.error: "Warning: unrecognized command line flag" "-ignore-certificate-errors"
console.error: "Warning: unrecognized command line flag" "-log-level"
console.error: "Warning: unrecognized command line flag" "-disable-notifications"
console.error: "Warning: unrecognized command line flag" "-user-agent"
1754476004459	Marionette	INFO	Listening on port 59254
WebDriver BiDi listening on ws://127.0.0.1:59205
Read port: 59254
1754476004554	RemoteAgent	WARN	TLS certificate errors will be ignored for this session
[GFX1-]: RenderCompositorSWGL failed mapping default framebuffer, no dt
console.error: CustomizableUI: 
  Could not localize property 'fxms-bmb-button.tooltiptext'.
console.error: [Exception... "Component returned failure code: 0x80070057 (NS_ERROR_ILLEGAL_VALUE) [nsIWinTaskbar.getTaskbarProgress]"  nsresult: "0x80070057 (NS_ERROR_ILLEGAL_VALUE)"  location: "JS frame :: resource:///modules/DownloadsTaskbar.sys.mjs :: _attachIndicator :: line 127"  data: no]
JavaScript warning: https://client-api.arkoselabs.com/v2/2F4F0B28-BC94-4271-8AD7-A51662E3C91C/api.js, line 1: WEBGL_debug_renderer_info is deprecated in Firefox and will be removed. Please use RENDERER.
JavaScript error: resource://autofill/FormAutofillChild.sys.mjs, line 596: TypeError: can't access property "isConnected", element is undefined
JavaScript error: resource://autofill/FormAutofillChild.sys.mjs, line 596: TypeError: can't access property "isConnected", element is undefined
console.warn: LoginRecipes: "Falling back to a synchronous message for: https://x.com."
console.warn: WindowsJumpLists: "Failed to fetch favicon for " "https://x.com/search?q=AAPL%20stock%20since:2017-04-27%20until:2017-04-28&src=typed_query&f=live" [Exception... "Failure"  nsresult: "0x80004005 (NS_ERROR_FAILURE)"  location: "<unknown>"  data: no]
console.warn: WindowsJumpLists: "Failed to fetch favicon for " "https://x.com/i/flow/login" [Exception... "Failure"  nsresult: "0x80004005 (NS_ERROR_FAILURE)"  location: "<unknown>"  data: no]
JavaScript error: https://abs.twimg.com/responsive-web/client-web/main.3bad27ca.js, line 1: Error: ApiError: https://x.com/i/api/2/badge_count/badge_count.json HTTP-0 codes:[1004]
JavaScript error: https://abs.twimg.com/responsive-web/client-web/main.3bad27ca.js, line 1: Error: ApiError: https://x.com/i/api/2/badge_count/badge_count.json HTTP-0 codes:[1004]
1754494520846	Marionette	WARN	Atom getVisibleText failed: "InternalError: too much recursion"
JavaScript error: https://abs.twimg.com/responsive-web/client-web/main.3bad27ca.js, line 1: Error: ApiError: https://x.com/i/api/2/badge_count/badge_count.json HTTP-0 codes:[1004]
JavaScript error: https://abs.twimg.com/responsive-web/client-web/main.b67ad62a.js, line 1: Error: ApiError: https://x.com/i/api/2/badge_count/badge_count.json HTTP-0 codes:[1004]
JavaScript error: https://abs.twimg.com/responsive-web/client-web/main.b67ad62a.js, line 1: Error: ApiError: https://x.com/i/api/2/badge_count/badge_count.json HTTP-0 codes:[1004]
JavaScript error: https://abs.twimg.com/responsive-web/client-web/main.c02133ca.js, line 1: Error: ApiError: https://x.com/i/api/2/badge_count/badge_count.json HTTP-0 codes:[1004]
JavaScript error: https://abs.twimg.com/responsive-web/client-web/main.5459237a.js, line 1: Error: ApiError: https://x.com/i/api/2/badge_count/badge_count.json HTTP-0 codes:[1004]
JavaScript error: https://abs.twimg.com/responsive-web/client-web/main.c855021a.js, line 1: Error: ApiError: https://x.com/i/api/2/badge_count/badge_count.json HTTP-0 codes:[1004]
JavaScript error: https://abs.twimg.com/responsive-web/client-web/main.c855021a.js, line 1: Error: ApiError: https://x.com/i/api/2/badge_count/badge_count.json HTTP-0 codes:[1004]
JavaScript error: https://abs.twimg.com/responsive-web/client-web/main.c855021a.js, line 1: Error: ApiError: https://x.com/i/api/2/badge_count/badge_count.json HTTP-0 codes:[1004]
JavaScript error: https://abs.twimg.com/responsive-web/client-web/main.6ef79bfa.js, line 1: Error: ApiError: https://x.com/i/api/2/badge_count/badge_count.json HTTP-0 codes:[1004]
JavaScript error: https://abs.twimg.com/responsive-web/client-web/main.6ef79bfa.js, line 1: Error: ApiError: https://x.com/i/api/2/badge_count/badge_count.json HTTP-0 codes:[1004]
JavaScript error: https://abs.twimg.com/responsive-web/client-web/main.6ef79bfa.js, line 1: Error: ApiError: https://x.com/i/api/2/badge_count/badge_count.json HTTP-0 codes:[1004]
JavaScript error: https://abs.twimg.com/responsive-web/client-web/main.81c1b28a.js, line 1: Error: ApiError: https://x.com/i/api/2/badge_count/badge_count.json HTTP-0 codes:[1004]
JavaScript error: https://abs.twimg.com/responsive-web/client-web/main.81c1b28a.js, line 1: Error: ApiError: https://x.com/i/api/2/badge_count/badge_count.json HTTP-0 codes:[1004]
1754779215708	Marionette	WARN	Atom getVisibleText failed: "InternalError: too much recursion"
JavaScript error: https://abs.twimg.com/responsive-web/client-web/main.81c1b28a.js, line 1: Error: ApiError: https://x.com/i/api/2/badge_count/badge_count.json HTTP-0 codes:[1004]
JavaScript error: https://abs.twimg.com/responsive-web/client-web/main.81c1b28a.js, line 1: Error: ApiError: https://x.com/i/api/2/badge_count/badge_count.json HTTP-0 codes:[1004]
JavaScript error: https://abs.twimg.com/responsive-web/client-web/main.81c1b28a.js, line 1: Error: ApiError: https://x.com/i/api/2/badge_count/badge_count.json HTTP-0 codes:[1004]
JavaScript error: https://abs.twimg.com/responsive-web/client-web/main.81c1b28a.js, line 1: Error: ApiError: https://x.com/i/api/2/badge_count/badge_count.json HTTP-0 codes:[1004]
JavaScript error: https://abs.twimg.com/responsive-web/client-web/main.81c1b28a.js, line 1: Error: ApiError: https://x.com/i/api/2/badge_count/badge_count.json HTTP-0 codes:[1004]
JavaScript error: https://abs.twimg.com/responsive-web/client-web/main.81c1b28a.js, line 1: Error: ApiError: https://x.com/i/api/2/badge_count/badge_count.json HTTP-0 codes:[1004]
JavaScript error: https://abs.twimg.com/responsive-web/client-web/main.81c1b28a.js, line 1: Error: ApiError: https://x.com/i/api/2/badge_count/badge_count.json HTTP-0 codes:[1004]
JavaScript error: https://abs.twimg.com/responsive-web/client-web/main.81c1b28a.js, line 1: Error: ApiError: https://x.com/i/api/2/badge_count/badge_count.json HTTP-0 codes:[1004]
JavaScript error: https://abs.twimg.com/responsive-web/client-web/main.81c1b28a.js, line 1: Error: ApiError: https://x.com/i/api/2/badge_count/badge_count.json HTTP-0 codes:[1004]
JavaScript error: https://abs.twimg.com/responsive-web/client-web/main.81c1b28a.js, line 1: Error: ApiError: https://x.com/i/api/2/badge_count/badge_count.json HTTP-0 codes:[1004]
JavaScript error: https://abs.twimg.com/responsive-web/client-web/main.81c1b28a.js, line 1: Error: ApiError: https://x.com/i/api/2/badge_count/badge_count.json HTTP-0 codes:[1004]
JavaScript error: https://abs.twimg.com/responsive-web/client-web/main.81c1b28a.js, line 1: Error: ApiError: https://x.com/i/api/2/badge_count/badge_count.json HTTP-0 codes:[1004]
JavaScript error: https://abs.twimg.com/responsive-web/client-web/main.81c1b28a.js, line 1: Error: ApiError: https://x.com/i/api/2/badge_count/badge_count.json HTTP-0 codes:[1004]
JavaScript error: https://abs.twimg.com/responsive-web/client-web/main.81c1b28a.js, line 1: Error: ApiError: https://x.com/i/api/2/badge_count/badge_count.json HTTP-0 codes:[1004]
JavaScript error: https://abs.twimg.com/responsive-web/client-web/main.81c1b28a.js, line 1: Error: ApiError: https://x.com/i/api/2/badge_count/badge_count.json HTTP-0 codes:[1004]
JavaScript error: https://abs.twimg.com/responsive-web/client-web/main.81c1b28a.js, line 1: Error: ApiError: https://x.com/i/api/2/badge_count/badge_count.json HTTP-0 codes:[1004]
JavaScript error: https://abs.twimg.com/responsive-web/client-web/main.81c1b28a.js, line 1: Error: ApiError: https://x.com/i/api/2/badge_count/badge_count.json HTTP-0 codes:[1004]
JavaScript error: https://abs.twimg.com/responsive-web/client-web/main.81c1b28a.js, line 1: Error: ApiError: https://x.com/i/api/2/badge_count/badge_count.json HTTP-0 codes:[1004]
JavaScript error: https://abs.twimg.com/responsive-web/client-web/main.81c1b28a.js, line 1: Error: ApiError: https://x.com/i/api/2/badge_count/badge_count.json HTTP-0 codes:[1004]
JavaScript error: https://abs.twimg.com/responsive-web/client-web/main.81c1b28a.js, line 1: Error: ApiError: https://x.com/i/api/2/badge_count/badge_count.json HTTP-0 codes:[1004]
JavaScript error: https://abs.twimg.com/responsive-web/client-web/main.81c1b28a.js, line 1: Error: ApiError: https://x.com/i/api/2/badge_count/badge_count.json HTTP-0 codes:[1004]
JavaScript error: https://abs.twimg.com/responsive-web/client-web/main.81c1b28a.js, line 1: Error: ApiError: https://x.com/i/api/2/badge_count/badge_count.json HTTP-0 codes:[1004]
JavaScript error: https://abs.twimg.com/responsive-web/client-web/main.81c1b28a.js, line 1: Error: ApiError: https://x.com/i/api/2/badge_count/badge_count.json HTTP-0 codes:[1004]
JavaScript error: https://abs.twimg.com/responsive-web/client-web/main.81c1b28a.js, line 1: Error: ApiError: https://x.com/i/api/2/badge_count/badge_count.json HTTP-0 codes:[1004]
JavaScript error: https://abs.twimg.com/responsive-web/client-web/main.81c1b28a.js, line 1: Error: ApiError: https://x.com/i/api/2/badge_count/badge_count.json HTTP-0 codes:[1004]
JavaScript error: https://abs.twimg.com/responsive-web/client-web/main.81c1b28a.js, line 1: Error: ApiError: https://x.com/i/api/2/badge_count/badge_count.json HTTP-0 codes:[1004]
JavaScript error: https://abs.twimg.com/responsive-web/client-web/main.81c1b28a.js, line 1: Error: ApiError: https://x.com/i/api/2/badge_count/badge_count.json HTTP-0 codes:[1004]
JavaScript error: https://abs.twimg.com/responsive-web/client-web/main.81c1b28a.js, line 1: Error: ApiError: https://x.com/i/api/2/badge_count/badge_count.json HTTP-0 codes:[1004]
JavaScript error: https://abs.twimg.com/responsive-web/client-web/main.81c1b28a.js, line 1: Error: ApiError: https://x.com/i/api/2/badge_count/badge_count.json HTTP-0 codes:[1004]
JavaScript error: https://abs.twimg.com/responsive-web/client-web/main.81c1b28a.js, line 1: Error: ApiError: https://x.com/i/api/2/badge_count/badge_count.json HTTP-0 codes:[1004]
JavaScript error: https://abs.twimg.com/responsive-web/client-web/main.81c1b28a.js, line 1: Error: ApiError: https://x.com/i/api/2/badge_count/badge_count.json HTTP-0 codes:[1004]
JavaScript error: https://abs.twimg.com/responsive-web/client-web/main.81c1b28a.js, line 1: Error: ApiError: https://x.com/i/api/2/badge_count/badge_count.json HTTP-0 codes:[1004]
JavaScript error: https://abs.twimg.com/responsive-web/client-web/main.81c1b28a.js, line 1: Error: ApiError: https://x.com/i/api/2/badge_count/badge_count.json HTTP-0 codes:[1004]
JavaScript error: https://abs.twimg.com/responsive-web/client-web/main.81c1b28a.js, line 1: Error: ApiError: https://x.com/i/api/2/badge_count/badge_count.json HTTP-0 codes:[1004]
JavaScript error: https://abs.twimg.com/responsive-web/client-web/main.81c1b28a.js, line 1: Error: ApiError: https://x.com/i/api/2/badge_count/badge_count.json HTTP-0 codes:[1004]
JavaScript error: https://abs.twimg.com/responsive-web/client-web/main.81c1b28a.js, line 1: Error: ApiError: https://x.com/i/api/2/badge_count/badge_count.json HTTP-0 codes:[1004]
JavaScript error: https://abs.twimg.com/responsive-web/client-web/main.81c1b28a.js, line 1: Error: ApiError: https://x.com/i/api/2/badge_count/badge_count.json HTTP-0 codes:[1004]
JavaScript error: https://abs.twimg.com/responsive-web/client-web/main.81c1b28a.js, line 1: Error: ApiError: https://x.com/i/api/2/badge_count/badge_count.json HTTP-0 codes:[1004]
JavaScript error: https://abs.twimg.com/responsive-web/client-web/main.81c1b28a.js, line 1: Error: ApiError: https://x.com/i/api/2/badge_count/badge_count.json HTTP-0 codes:[1004]
JavaScript error: https://abs.twimg.com/responsive-web/client-web/main.81c1b28a.js, line 1: Error: ApiError: https://x.com/i/api/2/badge_count/badge_count.json HTTP-0 codes:[1004]
JavaScript error: https://abs.twimg.com/responsive-web/client-web/main.81c1b28a.js, line 1: Error: ApiError: https://x.com/i/api/2/badge_count/badge_count.json HTTP-0 codes:[1004]
JavaScript error: https://abs.twimg.com/responsive-web/client-web/main.81c1b28a.js, line 1: Error: ApiError: https://x.com/i/api/2/badge_count/badge_count.json HTTP-0 codes:[1004]
1754931699731	Marionette	WARN	Ignoring event 'pageshow' because document has an invalid readyState of 'uninitialized'.
1754931736535	Marionette	WARN	Ignoring event 'pageshow' because document has an invalid readyState of 'interactive'.
1754931783928	Marionette	WARN	Ignoring event 'pageshow' because document has an invalid readyState of 'interactive'.
1754931810011	Marionette	WARN	Ignoring event 'pageshow' because document has an invalid readyState of 'interactive'.
1754931815148	Marionette	WARN	Ignoring event 'pageshow' because document has an invalid readyState of 'interactive'.
1754931820207	Marionette	WARN	Ignoring event 'pageshow' because document has an invalid readyState of 'interactive'.
1754931825263	Marionette	WARN	Ignoring event 'pageshow' because document has an invalid readyState of 'interactive'.
1754931830320	Marionette	WARN	Ignoring event 'pageshow' because document has an invalid readyState of 'interactive'.
1754931835383	Marionette	WARN	Ignoring event 'pageshow' because document has an invalid readyState of 'interactive'.
1754931840451	Marionette	WARN	Ignoring event 'pageshow' because document has an invalid readyState of 'interactive'.
1754931845512	Marionette	WARN	Ignoring event 'pageshow' because document has an invalid readyState of 'interactive'.
1754931850559	Marionette	WARN	Ignoring event 'pageshow' because document has an invalid readyState of 'interactive'.
1754931855615	Marionette	WARN	Ignoring event 'pageshow' because document has an invalid readyState of 'interactive'.
1754931860676	Marionette	WARN	Ignoring event 'pageshow' because document has an invalid readyState of 'interactive'.
1754931865722	Marionette	WARN	Ignoring event 'pageshow' because document has an invalid readyState of 'interactive'.
1754931870777	Marionette	WARN	Ignoring event 'pageshow' because document has an invalid readyState of 'interactive'.
1754931875833	Marionette	WARN	Ignoring event 'pageshow' because document has an invalid readyState of 'interactive'.
1754931880885	Marionette	WARN	Ignoring event 'pageshow' because document has an invalid readyState of 'interactive'.
1754931885941	Marionette	WARN	Ignoring event 'pageshow' because document has an invalid readyState of 'interactive'.
1754931891000	Marionette	WARN	Ignoring event 'pageshow' because document has an invalid readyState of 'interactive'.
1754931896053	Marionette	WARN	Ignoring event 'pageshow' because document has an invalid readyState of 'interactive'.
1754931901112	Marionette	WARN	Ignoring event 'pageshow' because document has an invalid readyState of 'interactive'.
1754931906159	Marionette	WARN	Ignoring event 'pageshow' because document has an invalid readyState of 'interactive'.
1754931911212	Marionette	WARN	Ignoring event 'pageshow' because document has an invalid readyState of 'interactive'.
1754931916266	Marionette	WARN	Ignoring event 'pageshow' because document has an invalid readyState of 'interactive'.
1754931921327	Marionette	WARN	Ignoring event 'pageshow' because document has an invalid readyState of 'interactive'.
1754931926385	Marionette	WARN	Ignoring event 'pageshow' because document has an invalid readyState of 'interactive'.
1754931931436	Marionette	WARN	Ignoring event 'pageshow' because document has an invalid readyState of 'interactive'.
1754931936491	Marionette	WARN	Ignoring event 'pageshow' because document has an invalid readyState of 'interactive'.
1754931941538	Marionette	WARN	Ignoring event 'pageshow' because document has an invalid readyState of 'interactive'.
1754931946591	Marionette	WARN	Ignoring event 'pageshow' because document has an invalid readyState of 'interactive'.
1754931951652	Marionette	WARN	Ignoring event 'pageshow' because document has an invalid readyState of 'interactive'.
1754931956703	Marionette	WARN	Ignoring event 'pageshow' because document has an invalid readyState of 'interactive'.
1754931961767	Marionette	WARN	Ignoring event 'pageshow' because document has an invalid readyState of 'interactive'.
1754931966822	Marionette	WARN	Ignoring event 'pageshow' because document has an invalid readyState of 'interactive'.
1754931971878	Marionette	WARN	Ignoring event 'pageshow' because document has an invalid readyState of 'interactive'.
1754931976942	Marionette	WARN	Ignoring event 'pageshow' because document has an invalid readyState of 'interactive'.
1754931981988	Marionette	WARN	Ignoring event 'pageshow' because document has an invalid readyState of 'interactive'.
1754931987032	Marionette	WARN	Ignoring event 'pageshow' because document has an invalid readyState of 'interactive'.
1754931992086	Marionette	WARN	Ignoring event 'pageshow' because document has an invalid readyState of 'interactive'.
1754931997148	Marionette	WARN	Ignoring event 'pageshow' because document has an invalid readyState of 'interactive'.
1754932002201	Marionette	WARN	Ignoring event 'pageshow' because document has an invalid readyState of 'interactive'.
1754932007247	Marionette	WARN	Ignoring event 'pageshow' because document has an invalid readyState of 'interactive'.
1754932012301	Marionette	WARN	Ignoring event 'pageshow' because document has an invalid readyState of 'interactive'.
1754932017351	Marionette	WARN	Ignoring event 'pageshow' because document has an invalid readyState of 'interactive'.
1754932022443	Marionette	WARN	Ignoring event 'pageshow' because document has an invalid readyState of 'interactive'.
1754932027506	Marionette	WARN	Ignoring event 'pageshow' because document has an invalid readyState of 'interactive'.
1754932032554	Marionette	WARN	Ignoring event 'pageshow' because document has an invalid readyState of 'interactive'.
1754932037617	Marionette	WARN	Ignoring event 'pageshow' because document has an invalid readyState of 'interactive'.
1754932042673	Marionette	WARN	Ignoring event 'pageshow' because document has an invalid readyState of 'interactive'.
1754932047724	Marionette	WARN	Ignoring event 'pageshow' because document has an invalid readyState of 'interactive'.
1754932052784	Marionette	WARN	Ignoring event 'pageshow' because document has an invalid readyState of 'interactive'.
1754932057841	Marionette	WARN	Ignoring event 'pageshow' because document has an invalid readyState of 'interactive'.
1754932062911	Marionette	WARN	Ignoring event 'pageshow' because document has an invalid readyState of 'interactive'.
1754932068026	Marionette	WARN	Ignoring event 'pageshow' because document has an invalid readyState of 'interactive'.
[Child 25388, MediaDecoderStateMachine #1] WARNING: Decoder=1d34e25a000 Decode error: NS_ERROR_DOM_MEDIA_FATAL_ERR (0x806e0005) - MediaResult __cdecl mozilla::RemoteVideoDecoderChild::InitIPDL(const VideoInfo &, float, const CreateDecoderParams::OptionSet &, Maybe<layers::TextureFactoryIdentifier>, const Maybe<uint64_t> &, const Maybe<TrackingId> &): RemoteDecoderManager is not available.: file /builds/worker/checkouts/gecko/dom/media/MediaDecoderStateMachineBase.cpp:168
JavaScript error: https://abs.twimg.com/responsive-web/client-web/main.792eac2a.js, line 1: Error: ApiError: https://x.com/i/api/2/badge_count/badge_count.json HTTP-0 codes:[1004]
JavaScript error: https://abs.twimg.com/responsive-web/client-web/main.792eac2a.js, line 1: Error: ApiError: https://x.com/i/api/2/badge_count/badge_count.json HTTP-0 codes:[1004]
JavaScript error: https://abs.twimg.com/responsive-web/client-web/main.792eac2a.js, line 1: Error: ApiError: https://x.com/i/api/2/badge_count/badge_count.json HTTP-0 codes:[1004]
JavaScript error: https://abs.twimg.com/responsive-web/client-web/main.cdf736aa.js, line 1: Error: ApiError: https://x.com/i/api/2/badge_count/badge_count.json HTTP-0 codes:[1004]
JavaScript error: https://abs.twimg.com/responsive-web/client-web/main.cdf736aa.js, line 1: Error: ApiError: https://x.com/i/api/2/badge_count/badge_count.json HTTP-0 codes:[1004]
JavaScript error: https://abs.twimg.com/responsive-web/client-web/main.cdf736aa.js, line 1: Error: ApiError: https://x.com/i/api/2/badge_count/badge_count.json HTTP-0 codes:[1004]
JavaScript error: https://abs.twimg.com/responsive-web/client-web/main.cdf736aa.js, line 1: Error: ApiError: https://x.com/i/api/2/badge_count/badge_count.json HTTP-0 codes:[1004]
JavaScript error: https://abs.twimg.com/responsive-web/client-web/main.cdf736aa.js, line 1: Error: ApiError: https://x.com/i/api/2/badge_count/badge_count.json HTTP-0 codes:[1004]
JavaScript error: https://abs.twimg.com/responsive-web/client-web/main.cdf736aa.js, line 1: Error: ApiError: https://x.com/i/api/2/badge_count/badge_count.json HTTP-0 codes:[1004]
JavaScript error: https://abs.twimg.com/responsive-web/client-web/main.cdf736aa.js, line 1: Error: ApiError: https://x.com/i/api/2/badge_count/badge_count.json HTTP-0 codes:[1004]
JavaScript error: https://abs.twimg.com/responsive-web/client-web/main.cdf736aa.js, line 1: Error: ApiError: https://x.com/i/api/2/badge_count/badge_count.json HTTP-0 codes:[1004]
JavaScript error: https://abs.twimg.com/responsive-web/client-web/main.cdf736aa.js, line 1: Error: ApiError: https://x.com/i/api/2/badge_count/badge_count.json HTTP-0 codes:[1004]
JavaScript error: https://abs.twimg.com/responsive-web/client-web/main.cdf736aa.js, line 1: Error: ApiError: https://x.com/i/api/2/badge_count/badge_count.json HTTP-0 codes:[1004]
JavaScript error: https://abs.twimg.com/responsive-web/client-web/main.cdf736aa.js, line 1: Error: ApiError: https://x.com/i/api/2/badge_count/badge_count.json HTTP-0 codes:[1004]
JavaScript error: https://abs.twimg.com/responsive-web/client-web/main.cdf736aa.js, line 1: Error: ApiError: https://x.com/i/api/2/badge_count/badge_count.json HTTP-0 codes:[1004]
JavaScript error: https://abs.twimg.com/responsive-web/client-web/main.cdf736aa.js, line 1: Error: ApiError: https://x.com/i/api/2/badge_count/badge_count.json HTTP-0 codes:[1004]
JavaScript error: https://abs.twimg.com/responsive-web/client-web/main.cdf736aa.js, line 1: Error: ApiError: https://x.com/i/api/2/badge_count/badge_count.json HTTP-0 codes:[1004]
JavaScript error: https://abs.twimg.com/responsive-web/client-web/main.cdf736aa.js, line 1: Error: ApiError: https://x.com/i/api/2/badge_count/badge_count.json HTTP-0 codes:[1004]
JavaScript error: https://abs.twimg.com/responsive-web/client-web/main.cdf736aa.js, line 1: Error: ApiError: https://x.com/i/api/2/badge_count/badge_count.json HTTP-0 codes:[1004]
JavaScript error: https://abs.twimg.com/responsive-web/client-web/main.cdf736aa.js, line 1: Error: ApiError: https://x.com/i/api/2/badge_count/badge_count.json HTTP-0 codes:[1004]
JavaScript error: https://abs.twimg.com/responsive-web/client-web/main.cdf736aa.js, line 1: Error: ApiError: https://x.com/i/api/2/badge_count/badge_count.json HTTP-0 codes:[1004]
JavaScript error: https://abs.twimg.com/responsive-web/client-web/main.cdf736aa.js, line 1: Error: ApiError: https://x.com/i/api/2/badge_count/badge_count.json HTTP-0 codes:[1004]
JavaScript error: https://abs.twimg.com/responsive-web/client-web/main.cdf736aa.js, line 1: Error: ApiError: https://x.com/i/api/2/badge_count/badge_count.json HTTP-0 codes:[1004]
JavaScript error: https://abs.twimg.com/responsive-web/client-web/main.cdf736aa.js, line 1: Error: ApiError: https://x.com/i/api/2/badge_count/badge_count.json HTTP-0 codes:[1004]
JavaScript error: https://abs.twimg.com/responsive-web/client-web/main.cdf736aa.js, line 1: Error: ApiError: https://x.com/i/api/2/badge_count/badge_count.json HTTP-0 codes:[1004]
JavaScript error: https://abs.twimg.com/responsive-web/client-web/main.cdf736aa.js, line 1: Error: ApiError: https://x.com/i/api/2/badge_count/badge_count.json HTTP-0 codes:[1004]
JavaScript error: https://abs.twimg.com/responsive-web/client-web/main.cdf736aa.js, line 1: Error: ApiError: https://x.com/i/api/2/badge_count/badge_count.json HTTP-0 codes:[1004]
JavaScript error: https://abs.twimg.com/responsive-web/client-web/main.cdf736aa.js, line 1: Error: ApiError: https://x.com/i/api/2/badge_count/badge_count.json HTTP-0 codes:[1004]
JavaScript error: https://abs.twimg.com/responsive-web/client-web/main.cdf736aa.js, line 1: Error: ApiError: https://x.com/i/api/2/badge_count/badge_count.json HTTP-0 codes:[1004]
JavaScript error: https://abs.twimg.com/responsive-web/client-web/main.cdf736aa.js, line 1: Error: ApiError: https://x.com/i/api/2/badge_count/badge_count.json HTTP-0 codes:[1004]
JavaScript error: https://abs.twimg.com/responsive-web/client-web/main.cdf736aa.js, line 1: Error: ApiError: https://x.com/i/api/2/badge_count/badge_count.json HTTP-0 codes:[1004]
JavaScript error: https://abs.twimg.com/responsive-web/client-web/main.cdf736aa.js, line 1: Error: ApiError: https://x.com/i/api/2/badge_count/badge_count.json HTTP-0 codes:[1004]
JavaScript error: https://abs.twimg.com/responsive-web/client-web/main.cdf736aa.js, line 1: Error: ApiError: https://x.com/i/api/2/badge_count/badge_count.json HTTP-0 codes:[1004]
JavaScript error: https://abs.twimg.com/responsive-web/client-web/main.cdf736aa.js, line 1: Error: ApiError: https://x.com/i/api/2/badge_count/badge_count.json HTTP-0 codes:[1004]
JavaScript error: https://abs.twimg.com/responsive-web/client-web/main.cdf736aa.js, line 1: Error: ApiError: https://api.x.com/1.1/help/settings.json HTTP-0 codes:[1004]
JavaScript error: https://abs.twimg.com/responsive-web/client-web/main.cdf736aa.js, line 1: Error: ApiError: https://x.com/i/api/2/badge_count/badge_count.json HTTP-0 codes:[1004]
JavaScript error: https://abs.twimg.com/responsive-web/client-web/main.cdf736aa.js, line 1: Error: ApiError: https://x.com/i/api/2/badge_count/badge_count.json HTTP-0 codes:[1004]
JavaScript error: https://abs.twimg.com/responsive-web/client-web/main.cdf736aa.js, line 1: Error: ApiError: https://x.com/i/api/2/badge_count/badge_count.json HTTP-0 codes:[1004]
JavaScript error: https://abs.twimg.com/responsive-web/client-web/main.cdf736aa.js, line 1: Error: ApiError: https://x.com/i/api/2/badge_count/badge_count.json HTTP-0 codes:[1004]
JavaScript error: https://abs.twimg.com/responsive-web/client-web/main.cdf736aa.js, line 1: Error: ApiError: https://x.com/i/api/2/badge_count/badge_count.json HTTP-0 codes:[1004]
JavaScript error: https://abs.twimg.com/responsive-web/client-web/main.cdf736aa.js, line 1: Error: ApiError: https://x.com/i/api/2/badge_count/badge_count.json HTTP-0 codes:[1004]
JavaScript error: https://abs.twimg.com/responsive-web/client-web/main.cdf736aa.js, line 1: Error: ApiError: https://x.com/i/api/2/badge_count/badge_count.json HTTP-0 codes:[1004]
JavaScript error: https://abs.twimg.com/responsive-web/client-web/main.cdf736aa.js, line 1: Error: ApiError: https://x.com/i/api/2/badge_count/badge_count.json HTTP-0 codes:[1004]
JavaScript error: https://abs.twimg.com/responsive-web/client-web/main.cdf736aa.js, line 1: Error: ApiError: https://x.com/i/api/2/badge_count/badge_count.json HTTP-0 codes:[1004]
JavaScript error: https://abs.twimg.com/responsive-web/client-web/main.cdf736aa.js, line 1: Error: ApiError: https://x.com/i/api/2/badge_count/badge_count.json HTTP-0 codes:[1004]
JavaScript error: https://abs.twimg.com/responsive-web/client-web/main.cdf736aa.js, line 1: Error: ApiError: https://x.com/i/api/2/badge_count/badge_count.json HTTP-0 codes:[1004]
JavaScript error: https://abs.twimg.com/responsive-web/client-web/main.cdf736aa.js, line 1: Error: ApiError: https://x.com/i/api/2/badge_count/badge_count.json HTTP-0 codes:[1004]
JavaScript error: https://abs.twimg.com/responsive-web/client-web/main.cdf736aa.js, line 1: Error: ApiError: https://x.com/i/api/2/badge_count/badge_count.json HTTP-0 codes:[1004]
JavaScript error: https://abs.twimg.com/responsive-web/client-web/main.cdf736aa.js, line 1: Error: ApiError: https://x.com/i/api/2/badge_count/badge_count.json HTTP-0 codes:[1004]
JavaScript error: https://abs.twimg.com/responsive-web/client-web/main.cdf736aa.js, line 1: Error: ApiError: https://x.com/i/api/2/badge_count/badge_count.json HTTP-0 codes:[1004]
JavaScript error: https://abs.twimg.com/responsive-web/client-web/main.cdf736aa.js, line 1: Error: ApiError: https://api.x.com/1.1/help/settings.json HTTP-0 codes:[1004]
JavaScript error: https://abs.twimg.com/responsive-web/client-web/main.cdf736aa.js, line 1: Error: ApiError: https://api.x.com/1.1/account/settings.json HTTP-404 codes:[34]
JavaScript error: , line 0: NotFoundError: Could not move `C:\Users\andil\AppData\Local\Temp\rust_mozprofilevIgev6\bookmarkbackups\bookmarks-2025-08-06_10_YCsUE26AhPcZxUg6b4MHaE8rXXuIVCNsImOpDCr014Y=.jsonlz4' to `C:\Users\andil\AppData\Local\Temp\rust_mozprofilevIgev6\bookmarkbackups\bookmarks-2025-08-12_10_YCsUE26AhPcZxUg6b4MHaE8rXXuIVCNsImOpDCr014Y=.jsonlz4': source file does not exist (NS_ERROR_FILE_NOT_FOUND)
1754996126874	geckodriver	INFO	Listening on 127.0.0.1:59000
1754996129943	mozrunner::runner	INFO	Running command: "C:\\Program Files\\Mozilla Firefox\\firefox.exe" "--marionette" "--no-sandbox" "--disable-dev-shm-usage" "- ... 1" "--remote-allow-hosts" "localhost" "-no-remote" "-profile" "C:\\Users\\andil\\AppData\\Local\\Temp\\rust_mozprofileOKY9Gd"
*** You are running in headless mode.
console.warn: services.settings: Ignoring preference override of remote settings server
console.warn: services.settings: Allow by setting MOZ_REMOTE_SETTINGS_DEVTOOLS=1 in the environment
Dynamically enable window occlusion 0
1754996130611	Marionette	INFO	Marionette enabled
console.error: "Warning: unrecognized command line flag" "-no-sandbox"
console.error: "Warning: unrecognized command line flag" "-ignore-certificate-errors"
console.error: "Warning: unrecognized command line flag" "-log-level"
console.error: "Warning: unrecognized command line flag" "-disable-notifications"
console.error: "Warning: unrecognized command line flag" "-user-agent"
1754996130749	Marionette	INFO	Listening on port 59127
WebDriver BiDi listening on ws://127.0.0.1:59001
Read port: 59127
1754996130827	RemoteAgent	WARN	TLS certificate errors will be ignored for this session
[GFX1-]: RenderCompositorSWGL failed mapping default framebuffer, no dt
console.error: CustomizableUI: 
  Could not localize property 'fxms-bmb-button.tooltiptext'.
console.error: [Exception... "Component returned failure code: 0x80070057 (NS_ERROR_ILLEGAL_VALUE) [nsIWinTaskbar.getTaskbarProgress]"  nsresult: "0x80070057 (NS_ERROR_ILLEGAL_VALUE)"  location: "JS frame :: resource:///modules/DownloadsTaskbar.sys.mjs :: _attachIndicator :: line 127"  data: no]
console.warn: RSLoader: Recipe train-hop-pilot-to-beta-start-and-stop not returned from collection nimbus-secure-experiments because it contains feature newtabTrainhopAddon, which is disallowed for that collection.
console.warn: RSLoader: Recipe train-hop-pilot-to-beta-start-and-wait-for-escape-hatch-signal not returned from collection nimbus-secure-experiments because it contains feature newtabTrainhopAddon, which is disallowed for that collection.
console.warn: RSLoader: Recipe train-hop-pilot-to-beta-start-and-wait-for-major-version-bump not returned from collection nimbus-secure-experiments because it contains feature newtabTrainhopAddon, which is disallowed for that collection.
JavaScript error: resource://gre/modules/shared/FormAutofillHandler.sys.mjs, line 868: TypeError: can't access property "trim", element.value is undefined
console.warn: LoginRecipes: "Falling back to a synchronous message for: https://x.com."
JavaScript error: https://abs.twimg.com/responsive-web/client-web/main.cdf736aa.js, line 1: Error: ApiError: https://x.com/i/api/2/badge_count/badge_count.json HTTP-0 codes:[1004]
JavaScript error: https://abs.twimg.com/responsive-web/client-web/main.cdf736aa.js, line 1: Error: ApiError: https://x.com/i/api/2/badge_count/badge_count.json HTTP-0 codes:[1004]
JavaScript error: https://abs.twimg.com/responsive-web/client-web/main.3eb0a9ba.js, line 1: Error: ApiError: https://x.com/i/api/2/badge_count/badge_count.json HTTP-0 codes:[1004]
1755066084507	Marionette	INFO	Stopped listening on port 59127
Dynamically enable window occlusion 1
console.error: "Failed to fetch https://ads.mozilla.org/v1/delete_user:" "NetworkError when attempting to fetch resource."
console.warn: TopSitesFeed: Failed to fetch data from MARS server: NetworkError when attempting to fetch resource.
JavaScript error: resource://services-settings/RemoteSettingsClient.sys.mjs, line 101: Error: Unknown callback
[GFX1-]: VideoBridgeParent receives IPC close with reason=AbnormalShutdown
1758126621447	geckodriver	INFO	Listening on 127.0.0.1:65453
1758126624535	mozrunner::runner	INFO	Running command: "C:\\Program Files\\Mozilla Firefox\\firefox.exe" "--marionette" "--no-sandbox" "--disable-dev-shm-usage" "- ... 4" "--remote-allow-hosts" "localhost" "-no-remote" "-profile" "C:\\Users\\andil\\AppData\\Local\\Temp\\rust_mozprofileGJ0XCP"
*** You are running in headless mode.
console.warn: services.settings: Ignoring preference override of remote settings server
console.warn: services.settings: Allow by setting MOZ_REMOTE_SETTINGS_DEVTOOLS=1 in the environment
Dynamically enable window occlusion 0
1758126625011	Marionette	INFO	Marionette enabled
console.error: "Warning: unrecognized command line flag" "-no-sandbox"
console.error: "Warning: unrecognized command line flag" "-ignore-certificate-errors"
console.error: "Warning: unrecognized command line flag" "-log-level"
console.error: "Warning: unrecognized command line flag" "-disable-notifications"
console.error: "Warning: unrecognized command line flag" "-user-agent"
1758126625113	Marionette	INFO	Listening on port 65520
WebDriver BiDi listening on ws://127.0.0.1:65454
Read port: 65520
1758126625225	RemoteAgent	WARN	TLS certificate errors will be ignored for this session
[GFX1-]: RenderCompositorSWGL failed mapping default framebuffer, no dt
console.error: CustomizableUI: 
  Could not localize property 'fxms-bmb-button.tooltiptext'.
console.error: [Exception... "Component returned failure code: 0x80070057 (NS_ERROR_ILLEGAL_VALUE) [nsIWinTaskbar.getTaskbarProgress]"  nsresult: "0x80070057 (NS_ERROR_ILLEGAL_VALUE)"  location: "JS frame :: resource:///modules/DownloadsTaskbar.sys.mjs :: _attachIndicator :: line 127"  data: no]
JavaScript error: resource://gre/modules/shared/FormAutofillHandler.sys.mjs, line 868: TypeError: can't access property "trim", element.value is undefined
console.warn: LoginRecipes: "Falling back to a synchronous message for: https://x.com."
1758141895097	Marionette	INFO	Stopped listening on port 65520
Dynamically enable window occlusion 1
console.error: "Failed to fetch https://ads.mozilla.org/v1/delete_user:" "NetworkError when attempting to fetch resource."
console.warn: TopSitesFeed: Failed to fetch data from MARS server: NetworkError when attempting to fetch resource.
[GFX1-]: VideoBridgeParent receives IPC close with reason=AbnormalShutdown
JavaScript error: resource://services-settings/RemoteSettingsClient.sys.mjs, line 101: Error: Unknown callback
